u-235 101 0 2.2368100559E-03 1111 end
u-238 101 0 2.2616635040E-02 1111 end
o-16 101 0 3.2589564615E-02 1111 end
c 101 0 1.1090927722E-02 1111 end
u-235 102 0 2.2368100559E-03 1111 end
u-238 102 0 2.2616635040E-02 1111 end
o-16 102 0 3.2589564615E-02 1111 end
c 102 0 1.1090927722E-02 1111 end
u-235 103 0 2.2368100559E-03 1111 end
u-238 103 0 2.2616635040E-02 1111 end
o-16 103 0 3.2589564615E-02 1111 end
c 103 0 1.1090927722E-02 1111 end
u-235 104 0 2.2368100559E-03 1111 end
u-238 104 0 2.2616635040E-02 1111 end
o-16 104 0 3.2589564615E-02 1111 end
c 104 0 1.1090927722E-02 1111 end
u-235 105 0 2.2368100559E-03 1111 end
u-238 105 0 2.2616635040E-02 1111 end
o-16 105 0 3.2589564615E-02 1111 end
c 105 0 1.1090927722E-02 1111 end
u-235 106 0 2.2368100559E-03 1111 end
u-238 106 0 2.2616635040E-02 1111 end
o-16 106 0 3.2589564615E-02 1111 end
c 106 0 1.1090927722E-02 1111 end
u-235 107 0 2.2368100559E-03 1111 end
u-238 107 0 2.2616635040E-02 1111 end
o-16 107 0 3.2589564615E-02 1111 end
c 107 0 1.1090927722E-02 1111 end
u-235 108 0 2.2368100559E-03 1111 end
u-238 108 0 2.2616635040E-02 1111 end
o-16 108 0 3.2589564615E-02 1111 end
c 108 0 1.1090927722E-02 1111 end
u-235 109 0 2.2368100559E-03 1111 end
u-238 109 0 2.2616635040E-02 1111 end
o-16 109 0 3.2589564615E-02 1111 end
c 109 0 1.1090927722E-02 1111 end
u-235 110 0 2.2368100559E-03 1111 end
u-238 110 0 2.2616635040E-02 1111 end
o-16 110 0 3.2589564615E-02 1111 end
c 110 0 1.1090927722E-02 1111 end
u-235 111 0 2.2368100559E-03 1111 end
u-238 111 0 2.2616635040E-02 1111 end
o-16 111 0 3.2589564615E-02 1111 end
c 111 0 1.1090927722E-02 1111 end
u-235 112 0 2.2368100559E-03 1111 end
u-238 112 0 2.2616635040E-02 1111 end
o-16 112 0 3.2589564615E-02 1111 end
c 112 0 1.1090927722E-02 1111 end
u-235 113 0 2.2368100559E-03 1111 end
u-238 113 0 2.2616635040E-02 1111 end
o-16 113 0 3.2589564615E-02 1111 end
c 113 0 1.1090927722E-02 1111 end
u-235 114 0 2.2368100559E-03 1111 end
u-238 114 0 2.2616635040E-02 1111 end
o-16 114 0 3.2589564615E-02 1111 end
c 114 0 1.1090927722E-02 1111 end
u-235 115 0 2.2368100559E-03 1111 end
u-238 115 0 2.2616635040E-02 1111 end
o-16 115 0 3.2589564615E-02 1111 end
c 115 0 1.1090927722E-02 1111 end
u-235 116 0 2.2368100559E-03 1111 end
u-238 116 0 2.2616635040E-02 1111 end
o-16 116 0 3.2589564615E-02 1111 end
c 116 0 1.1090927722E-02 1111 end
u-235 117 0 2.2368100559E-03 1111 end
u-238 117 0 2.2616635040E-02 1111 end
o-16 117 0 3.2589564615E-02 1111 end
c 117 0 1.1090927722E-02 1111 end
u-235 118 0 2.2368100559E-03 1111 end
u-238 118 0 2.2616635040E-02 1111 end
o-16 118 0 3.2589564615E-02 1111 end
c 118 0 1.1090927722E-02 1111 end
u-235 119 0 2.2368100559E-03 1111 end
u-238 119 0 2.2616635040E-02 1111 end
o-16 119 0 3.2589564615E-02 1111 end
c 119 0 1.1090927722E-02 1111 end
u-235 120 0 2.2368100559E-03 1111 end
u-238 120 0 2.2616635040E-02 1111 end
o-16 120 0 3.2589564615E-02 1111 end
c 120 0 1.1090927722E-02 1111 end
u-235 121 0 2.2368100559E-03 1111 end
u-238 121 0 2.2616635040E-02 1111 end
o-16 121 0 3.2589564615E-02 1111 end
c 121 0 1.1090927722E-02 1111 end
u-235 122 0 2.2368100559E-03 1111 end
u-238 122 0 2.2616635040E-02 1111 end
o-16 122 0 3.2589564615E-02 1111 end
c 122 0 1.1090927722E-02 1111 end
u-235 123 0 2.2368100559E-03 1111 end
u-238 123 0 2.2616635040E-02 1111 end
o-16 123 0 3.2589564615E-02 1111 end
c 123 0 1.1090927722E-02 1111 end
u-235 124 0 2.2368100559E-03 1111 end
u-238 124 0 2.2616635040E-02 1111 end
o-16 124 0 3.2589564615E-02 1111 end
c 124 0 1.1090927722E-02 1111 end
u-235 125 0 2.2368100559E-03 1111 end
u-238 125 0 2.2616635040E-02 1111 end
o-16 125 0 3.2589564615E-02 1111 end
c 125 0 1.1090927722E-02 1111 end
u-235 126 0 2.2368100559E-03 1111 end
u-238 126 0 2.2616635040E-02 1111 end
o-16 126 0 3.2589564615E-02 1111 end
c 126 0 1.1090927722E-02 1111 end
u-235 127 0 2.2368100559E-03 1111 end
u-238 127 0 2.2616635040E-02 1111 end
o-16 127 0 3.2589564615E-02 1111 end
c 127 0 1.1090927722E-02 1111 end
u-235 128 0 2.2368100559E-03 1111 end
u-238 128 0 2.2616635040E-02 1111 end
o-16 128 0 3.2589564615E-02 1111 end
c 128 0 1.1090927722E-02 1111 end
u-235 129 0 2.2368100559E-03 1111 end
u-238 129 0 2.2616635040E-02 1111 end
o-16 129 0 3.2589564615E-02 1111 end
c 129 0 1.1090927722E-02 1111 end
u-235 130 0 2.2368100559E-03 1111 end
u-238 130 0 2.2616635040E-02 1111 end
o-16 130 0 3.2589564615E-02 1111 end
c 130 0 1.1090927722E-02 1111 end
u-235 131 0 2.2368100559E-03 1111 end
u-238 131 0 2.2616635040E-02 1111 end
o-16 131 0 3.2589564615E-02 1111 end
c 131 0 1.1090927722E-02 1111 end
u-235 132 0 2.2368100559E-03 1111 end
u-238 132 0 2.2616635040E-02 1111 end
o-16 132 0 3.2589564615E-02 1111 end
c 132 0 1.1090927722E-02 1111 end
u-235 133 0 2.2368100559E-03 1111 end
u-238 133 0 2.2616635040E-02 1111 end
o-16 133 0 3.2589564615E-02 1111 end
c 133 0 1.1090927722E-02 1111 end
u-235 134 0 2.2368100559E-03 1111 end
u-238 134 0 2.2616635040E-02 1111 end
o-16 134 0 3.2589564615E-02 1111 end
c 134 0 1.1090927722E-02 1111 end
u-235 135 0 2.2368100559E-03 1111 end
u-238 135 0 2.2616635040E-02 1111 end
o-16 135 0 3.2589564615E-02 1111 end
c 135 0 1.1090927722E-02 1111 end
u-235 136 0 2.2368100559E-03 1111 end
u-238 136 0 2.2616635040E-02 1111 end
o-16 136 0 3.2589564615E-02 1111 end
c 136 0 1.1090927722E-02 1111 end
u-235 137 0 2.2368100559E-03 1111 end
u-238 137 0 2.2616635040E-02 1111 end
o-16 137 0 3.2589564615E-02 1111 end
c 137 0 1.1090927722E-02 1111 end
u-235 138 0 2.2368100559E-03 1111 end
u-238 138 0 2.2616635040E-02 1111 end
o-16 138 0 3.2589564615E-02 1111 end
c 138 0 1.1090927722E-02 1111 end
u-235 139 0 2.2368100559E-03 1111 end
u-238 139 0 2.2616635040E-02 1111 end
o-16 139 0 3.2589564615E-02 1111 end
c 139 0 1.1090927722E-02 1111 end
u-235 140 0 2.2368100559E-03 1111 end
u-238 140 0 2.2616635040E-02 1111 end
o-16 140 0 3.2589564615E-02 1111 end
c 140 0 1.1090927722E-02 1111 end
u-235 141 0 2.2368100559E-03 1111 end
u-238 141 0 2.2616635040E-02 1111 end
o-16 141 0 3.2589564615E-02 1111 end
c 141 0 1.1090927722E-02 1111 end
u-235 142 0 2.2368100559E-03 1111 end
u-238 142 0 2.2616635040E-02 1111 end
o-16 142 0 3.2589564615E-02 1111 end
c 142 0 1.1090927722E-02 1111 end
u-235 143 0 2.2368100559E-03 1111 end
u-238 143 0 2.2616635040E-02 1111 end
o-16 143 0 3.2589564615E-02 1111 end
c 143 0 1.1090927722E-02 1111 end
u-235 144 0 2.2368100559E-03 1111 end
u-238 144 0 2.2616635040E-02 1111 end
o-16 144 0 3.2589564615E-02 1111 end
c 144 0 1.1090927722E-02 1111 end
u-235 145 0 2.2368100559E-03 1111 end
u-238 145 0 2.2616635040E-02 1111 end
o-16 145 0 3.2589564615E-02 1111 end
c 145 0 1.1090927722E-02 1111 end
u-235 146 0 2.2368100559E-03 1111 end
u-238 146 0 2.2616635040E-02 1111 end
o-16 146 0 3.2589564615E-02 1111 end
c 146 0 1.1090927722E-02 1111 end
u-235 147 0 2.2368100559E-03 1111 end
u-238 147 0 2.2616635040E-02 1111 end
o-16 147 0 3.2589564615E-02 1111 end
c 147 0 1.1090927722E-02 1111 end
u-235 148 0 2.2368100559E-03 1111 end
u-238 148 0 2.2616635040E-02 1111 end
o-16 148 0 3.2589564615E-02 1111 end
c 148 0 1.1090927722E-02 1111 end
u-235 149 0 2.2368100559E-03 1111 end
u-238 149 0 2.2616635040E-02 1111 end
o-16 149 0 3.2589564615E-02 1111 end
c 149 0 1.1090927722E-02 1111 end
u-235 150 0 2.2368100559E-03 1111 end
u-238 150 0 2.2616635040E-02 1111 end
o-16 150 0 3.2589564615E-02 1111 end
c 150 0 1.1090927722E-02 1111 end
u-235 151 0 2.2368100559E-03 1111 end
u-238 151 0 2.2616635040E-02 1111 end
o-16 151 0 3.2589564615E-02 1111 end
c 151 0 1.1090927722E-02 1111 end
u-235 152 0 2.2368100559E-03 1111 end
u-238 152 0 2.2616635040E-02 1111 end
o-16 152 0 3.2589564615E-02 1111 end
c 152 0 1.1090927722E-02 1111 end
u-235 153 0 2.2368100559E-03 1111 end
u-238 153 0 2.2616635040E-02 1111 end
o-16 153 0 3.2589564615E-02 1111 end
c 153 0 1.1090927722E-02 1111 end
u-235 154 0 2.2368100559E-03 1111 end
u-238 154 0 2.2616635040E-02 1111 end
o-16 154 0 3.2589564615E-02 1111 end
c 154 0 1.1090927722E-02 1111 end
u-235 155 0 2.2368100559E-03 1111 end
u-238 155 0 2.2616635040E-02 1111 end
o-16 155 0 3.2589564615E-02 1111 end
c 155 0 1.1090927722E-02 1111 end
u-235 156 0 2.2368100559E-03 1111 end
u-238 156 0 2.2616635040E-02 1111 end
o-16 156 0 3.2589564615E-02 1111 end
c 156 0 1.1090927722E-02 1111 end
u-235 157 0 2.2368100559E-03 1111 end
u-238 157 0 2.2616635040E-02 1111 end
o-16 157 0 3.2589564615E-02 1111 end
c 157 0 1.1090927722E-02 1111 end
u-235 158 0 2.2368100559E-03 1111 end
u-238 158 0 2.2616635040E-02 1111 end
o-16 158 0 3.2589564615E-02 1111 end
c 158 0 1.1090927722E-02 1111 end
u-235 159 0 2.2368100559E-03 1111 end
u-238 159 0 2.2616635040E-02 1111 end
o-16 159 0 3.2589564615E-02 1111 end
c 159 0 1.1090927722E-02 1111 end
u-235 160 0 2.2368100559E-03 1111 end
u-238 160 0 2.2616635040E-02 1111 end
o-16 160 0 3.2589564615E-02 1111 end
c 160 0 1.1090927722E-02 1111 end
u-235 161 0 2.2368100559E-03 1111 end
u-238 161 0 2.2616635040E-02 1111 end
o-16 161 0 3.2589564615E-02 1111 end
c 161 0 1.1090927722E-02 1111 end
u-235 162 0 2.2368100559E-03 1111 end
u-238 162 0 2.2616635040E-02 1111 end
o-16 162 0 3.2589564615E-02 1111 end
c 162 0 1.1090927722E-02 1111 end
u-235 163 0 2.2368100559E-03 1111 end
u-238 163 0 2.2616635040E-02 1111 end
o-16 163 0 3.2589564615E-02 1111 end
c 163 0 1.1090927722E-02 1111 end
u-235 164 0 2.2368100559E-03 1111 end
u-238 164 0 2.2616635040E-02 1111 end
o-16 164 0 3.2589564615E-02 1111 end
c 164 0 1.1090927722E-02 1111 end
u-235 165 0 2.2368100559E-03 1111 end
u-238 165 0 2.2616635040E-02 1111 end
o-16 165 0 3.2589564615E-02 1111 end
c 165 0 1.1090927722E-02 1111 end
u-235 166 0 2.2368100559E-03 1111 end
u-238 166 0 2.2616635040E-02 1111 end
o-16 166 0 3.2589564615E-02 1111 end
c 166 0 1.1090927722E-02 1111 end
u-235 167 0 2.2368100559E-03 1111 end
u-238 167 0 2.2616635040E-02 1111 end
o-16 167 0 3.2589564615E-02 1111 end
c 167 0 1.1090927722E-02 1111 end
u-235 168 0 2.2368100559E-03 1111 end
u-238 168 0 2.2616635040E-02 1111 end
o-16 168 0 3.2589564615E-02 1111 end
c 168 0 1.1090927722E-02 1111 end
u-235 169 0 2.2368100559E-03 1111 end
u-238 169 0 2.2616635040E-02 1111 end
o-16 169 0 3.2589564615E-02 1111 end
c 169 0 1.1090927722E-02 1111 end
u-235 170 0 2.2368100559E-03 1111 end
u-238 170 0 2.2616635040E-02 1111 end
o-16 170 0 3.2589564615E-02 1111 end
c 170 0 1.1090927722E-02 1111 end
u-235 171 0 2.2368100559E-03 1111 end
u-238 171 0 2.2616635040E-02 1111 end
o-16 171 0 3.2589564615E-02 1111 end
c 171 0 1.1090927722E-02 1111 end
u-235 172 0 2.2368100559E-03 1111 end
u-238 172 0 2.2616635040E-02 1111 end
o-16 172 0 3.2589564615E-02 1111 end
c 172 0 1.1090927722E-02 1111 end
u-235 173 0 2.2368100559E-03 1111 end
u-238 173 0 2.2616635040E-02 1111 end
o-16 173 0 3.2589564615E-02 1111 end
c 173 0 1.1090927722E-02 1111 end
u-235 174 0 2.2368100559E-03 1111 end
u-238 174 0 2.2616635040E-02 1111 end
o-16 174 0 3.2589564615E-02 1111 end
c 174 0 1.1090927722E-02 1111 end
u-235 175 0 2.2368100559E-03 1111 end
u-238 175 0 2.2616635040E-02 1111 end
o-16 175 0 3.2589564615E-02 1111 end
c 175 0 1.1090927722E-02 1111 end
u-235 176 0 2.2368100559E-03 1111 end
u-238 176 0 2.2616635040E-02 1111 end
o-16 176 0 3.2589564615E-02 1111 end
c 176 0 1.1090927722E-02 1111 end
u-235 177 0 2.2368100559E-03 1111 end
u-238 177 0 2.2616635040E-02 1111 end
o-16 177 0 3.2589564615E-02 1111 end
c 177 0 1.1090927722E-02 1111 end
u-235 178 0 2.2368100559E-03 1111 end
u-238 178 0 2.2616635040E-02 1111 end
o-16 178 0 3.2589564615E-02 1111 end
c 178 0 1.1090927722E-02 1111 end
u-235 179 0 2.2368100559E-03 1111 end
u-238 179 0 2.2616635040E-02 1111 end
o-16 179 0 3.2589564615E-02 1111 end
c 179 0 1.1090927722E-02 1111 end
u-235 180 0 2.2368100559E-03 1111 end
u-238 180 0 2.2616635040E-02 1111 end
o-16 180 0 3.2589564615E-02 1111 end
c 180 0 1.1090927722E-02 1111 end
u-235 181 0 2.2368100559E-03 1111 end
u-238 181 0 2.2616635040E-02 1111 end
o-16 181 0 3.2589564615E-02 1111 end
c 181 0 1.1090927722E-02 1111 end
u-235 182 0 2.2368100559E-03 1111 end
u-238 182 0 2.2616635040E-02 1111 end
o-16 182 0 3.2589564615E-02 1111 end
c 182 0 1.1090927722E-02 1111 end
u-235 183 0 2.2368100559E-03 1111 end
u-238 183 0 2.2616635040E-02 1111 end
o-16 183 0 3.2589564615E-02 1111 end
c 183 0 1.1090927722E-02 1111 end
u-235 184 0 2.2368100559E-03 1111 end
u-238 184 0 2.2616635040E-02 1111 end
o-16 184 0 3.2589564615E-02 1111 end
c 184 0 1.1090927722E-02 1111 end
u-235 185 0 2.2368100559E-03 1111 end
u-238 185 0 2.2616635040E-02 1111 end
o-16 185 0 3.2589564615E-02 1111 end
c 185 0 1.1090927722E-02 1111 end
u-235 186 0 2.2368100559E-03 1111 end
u-238 186 0 2.2616635040E-02 1111 end
o-16 186 0 3.2589564615E-02 1111 end
c 186 0 1.1090927722E-02 1111 end
u-235 187 0 2.2368100559E-03 1111 end
u-238 187 0 2.2616635040E-02 1111 end
o-16 187 0 3.2589564615E-02 1111 end
c 187 0 1.1090927722E-02 1111 end
u-235 188 0 2.2368100559E-03 1111 end
u-238 188 0 2.2616635040E-02 1111 end
o-16 188 0 3.2589564615E-02 1111 end
c 188 0 1.1090927722E-02 1111 end
u-235 189 0 2.2368100559E-03 1111 end
u-238 189 0 2.2616635040E-02 1111 end
o-16 189 0 3.2589564615E-02 1111 end
c 189 0 1.1090927722E-02 1111 end
u-235 190 0 2.2368100559E-03 1111 end
u-238 190 0 2.2616635040E-02 1111 end
o-16 190 0 3.2589564615E-02 1111 end
c 190 0 1.1090927722E-02 1111 end
u-235 191 0 2.2368100559E-03 1111 end
u-238 191 0 2.2616635040E-02 1111 end
o-16 191 0 3.2589564615E-02 1111 end
c 191 0 1.1090927722E-02 1111 end
u-235 192 0 2.2368100559E-03 1111 end
u-238 192 0 2.2616635040E-02 1111 end
o-16 192 0 3.2589564615E-02 1111 end
c 192 0 1.1090927722E-02 1111 end
u-235 193 0 2.2368100559E-03 1111 end
u-238 193 0 2.2616635040E-02 1111 end
o-16 193 0 3.2589564615E-02 1111 end
c 193 0 1.1090927722E-02 1111 end
u-235 194 0 2.2368100559E-03 1111 end
u-238 194 0 2.2616635040E-02 1111 end
o-16 194 0 3.2589564615E-02 1111 end
c 194 0 1.1090927722E-02 1111 end
u-235 195 0 2.2368100559E-03 1111 end
u-238 195 0 2.2616635040E-02 1111 end
o-16 195 0 3.2589564615E-02 1111 end
c 195 0 1.1090927722E-02 1111 end
u-235 196 0 2.2368100559E-03 1111 end
u-238 196 0 2.2616635040E-02 1111 end
o-16 196 0 3.2589564615E-02 1111 end
c 196 0 1.1090927722E-02 1111 end
u-235 197 0 2.2368100559E-03 1111 end
u-238 197 0 2.2616635040E-02 1111 end
o-16 197 0 3.2589564615E-02 1111 end
c 197 0 1.1090927722E-02 1111 end
u-235 198 0 2.2368100559E-03 1111 end
u-238 198 0 2.2616635040E-02 1111 end
o-16 198 0 3.2589564615E-02 1111 end
c 198 0 1.1090927722E-02 1111 end
u-235 199 0 2.2368100559E-03 1111 end
u-238 199 0 2.2616635040E-02 1111 end
o-16 199 0 3.2589564615E-02 1111 end
c 199 0 1.1090927722E-02 1111 end
u-235 200 0 2.2368100559E-03 1111 end
u-238 200 0 2.2616635040E-02 1111 end
o-16 200 0 3.2589564615E-02 1111 end
c 200 0 1.1090927722E-02 1111 end
u-235 201 0 2.2368100559E-03 1111 end
u-238 201 0 2.2616635040E-02 1111 end
o-16 201 0 3.2589564615E-02 1111 end
c 201 0 1.1090927722E-02 1111 end
u-235 202 0 2.2368100559E-03 1111 end
u-238 202 0 2.2616635040E-02 1111 end
o-16 202 0 3.2589564615E-02 1111 end
c 202 0 1.1090927722E-02 1111 end
u-235 203 0 2.2368100559E-03 1111 end
u-238 203 0 2.2616635040E-02 1111 end
o-16 203 0 3.2589564615E-02 1111 end
c 203 0 1.1090927722E-02 1111 end
u-235 204 0 2.2368100559E-03 1111 end
u-238 204 0 2.2616635040E-02 1111 end
o-16 204 0 3.2589564615E-02 1111 end
c 204 0 1.1090927722E-02 1111 end
' ==============================================
' ---- Graphite in the plates
' M2  6000.73C 1.0 MT2 grph.17t
' media 2 -1 0.0000000956616 11113942879028
 graphite    20 den=1.00 1       1111 end
' media 2 -1.9 0.0000000956616 11113942879028
 graphite    21 den=1.90 1       1111 end
' media 2 -1.87 0.0000000956616 11113942879028
 graphite    22 den=1.87 1       1111 end
' media 2 -1.75 0.0000000956616 11113942879028
 graphite    23 den=1.75 1       1111 end
' media 2 -1.75 0.0000000886819 11112413447574
 graphite    24 den=1.75 1       1111 end
' media 2 -1.75  
 graphite    25 den=1.75 1       600.00 end
' media 2 -1.75 0.0000000795478 1083.28958284348
 graphite    26 den=1.75 1      1083.29 end
' media 2 -1.75 0.0000000827792 1041.00188305899
 graphite    27 den=1.75 1      1041.00 end
' ==============================================
' --- SiC: Isotopic comp for natural Si,  @1200 K 
'     natural si xsec too old, isotopic
'     more recent
' media 4 -3.2 0.0000000956616 11113942879028
 si-28       4 0  4.432375480E-02 1111 end
 si-29       4 0  2.251681150E-03 1111 end
 si-30       4 0  1.486061500E-03 1111 end
 c           4 0  4.806149742E-02 1111 end
' ==============================================
' --- FLiBe, rho = 2.413 - 0.000488 T[k], enrichment 99.995% in Li-7
' media 5 -1.9503 0.0000000817021 1054.72568120179
 li-6        50 0 1.383229190E-06 949 end
 li-7        50 0 2.371685710E-02 949 end
 be-9        50 0 1.185912017E-02 949 end
 f-19        50 0 4.743648067E-02 949 end
' ---
' media 5 -1.9625 0.0000000795478 1083.28958284348
 li-6        51 0 1.3918798874E-06 1083.29 end
 li-7        51 0 2.3865182017E-02 1083.29 end
 be-9        51 0 1.1933286954E-02 1083.29 end
 f-19        51 0 4.7733147805E-02 1083.29 end
' ==============================================
' --- Burnable poison, Eu2O3            
' media 8 -5 0.0000000956616 11113942879028
 eu-151       8 0 8.181202072E-03  1111 end
 eu-153       8 0 8.930703538E-03  1111 end
 o-16         8 0 2.566785841E-02  1111 end
' ==============================================
' --- Graphite at 900 K
' media 9 -1.95 0.0000000817021 1054.72568120179
 graphite     90 den=1.95 1 949 end
' media 9 -1.95 0.0000000795478 1083.28958284348
 graphite     91 den=1.95 1 1083.29 end
' ==============================================
' --- Control blade
 c           11 0 5.158967334e-4 600.0 end
 hf-174      11 0 6.659530024e-7 600.0 end
 hf-176      11 0 2.189320495e-5 600.0 end
 hf-177      11 0 7.741703653e-5 600.0 end
 hf-178      11 0 1.135449869e-4 600.0 end
 hf-179      11 0 5.668924933e-5 600.0 end
 hf-180      11 0 1.460101958e-4 600.0 end
 mo-92       11 0 9.252040149e-3 600.0 end
 mo-94       11 0 5.826301925e-3 600.0 end
 mo-95       11 0 1.008618830e-2 600.0 end
 mo-96       11 0 1.061469438e-2 600.0 end
 mo-97       11 0 6.112841393e-3 600.0 end
 mo-98       11 0 1.553043766e-2 600.0 end
 mo-100      11 0 6.252927341e-3 600.0 end
' ==============================================
' --- SiC: Isotopic comp for natural Si,  @1200 K 
' media 19 -3.1  
 si-28       19 0 4.2938675848E-02 1200.0 end
 si-29       19 0 2.1813180641E-03 1200.0 end
 si-30       19 0 1.4396233651E-03 1200.0 end
 c           19 0 4.6559617248E-02 1200.0 end  
' ==============================================
' --- Upper support plate-homogenized material. 
' In volume 57% SiC-SiC composite, 43% FLiBe
' media 30 -2.4377  
 si-28       30 0 2.2034355340E-02 600.0 end
 si-29       30 0 1.1193623583E-03 600.0 end
 si-30       30 0 7.3875526399E-04 600.0 end
 c           30 0 2.3892472962E-02 600.0 end
 f-19        30 0 2.0599024332E-02 600.0 end
 li-6        30 0 6.0065947809E-07 600.0 end
 li-7        30 0 1.0298911501E-02 600.0 end
 be-9        30 0 5.1497560747E-03 600.0 end
' ---
' media 31 -2.4377 0.0000000817021 1054.72568120179
 si-28       31 0 2.2034355340E-02 949 end
 si-29       31 0 1.1193623583E-03 949 end
 si-30       31 0 7.3875526399E-04 949 end
 c           31 0 2.3892472962E-02 949 end
 f-19        31 0 2.0599024332E-02 949 end
 li-6        31 0 6.0065947809E-07 949 end
 li-7        31 0 1.0298911501E-02 949 end
 be-9        31 0 5.1497560747E-03 949 end
' ==============================================
